[debug] [2023-03-03T06:35:27.253Z] ----------------------------------------------------------------------
[debug] [2023-03-03T06:35:27.255Z] Command:       C:\Program Files\nodejs\node.exe C:\Users\User\AppData\Roaming\npm\node_modules\firebase-tools\lib\bin\firebase.js deploy
[debug] [2023-03-03T06:35:27.256Z] CLI Version:   11.22.0
[debug] [2023-03-03T06:35:27.256Z] Platform:      win32
[debug] [2023-03-03T06:35:27.256Z] Node Version:  v16.15.1
[debug] [2023-03-03T06:35:27.257Z] Time:          Fri Mar 03 2023 12:35:27 GMT+0600 (Bangladesh Standard Time)
[debug] [2023-03-03T06:35:27.258Z] ----------------------------------------------------------------------
[debug] 
[debug] [2023-03-03T06:35:27.344Z] > command requires scopes: ["email","openid","https://www.googleapis.com/auth/cloudplatformprojects.readonly","https://www.googleapis.com/auth/firebase","https://www.googleapis.com/auth/cloud-platform"]
[debug] [2023-03-03T06:35:27.345Z] > authorizing via signed-in user (raswakaraziam@gmail.com)
[debug] [2023-03-03T06:35:27.345Z] [iam] checking project contractti-87288 for permissions ["firebase.projects.get","firebasehosting.sites.update"]
[debug] [2023-03-03T06:35:27.348Z] >>> [apiv2][query] POST https://cloudresourcemanager.googleapis.com/v1/projects/contractti-87288:testIamPermissions [none]
[debug] [2023-03-03T06:35:27.348Z] >>> [apiv2][(partial)header] POST https://cloudresourcemanager.googleapis.com/v1/projects/contractti-87288:testIamPermissions x-goog-quota-user=projects/contractti-87288
[debug] [2023-03-03T06:35:27.348Z] >>> [apiv2][body] POST https://cloudresourcemanager.googleapis.com/v1/projects/contractti-87288:testIamPermissions {"permissions":["firebase.projects.get","firebasehosting.sites.update"]}
[debug] [2023-03-03T06:35:28.870Z] <<< [apiv2][status] POST https://cloudresourcemanager.googleapis.com/v1/projects/contractti-87288:testIamPermissions 200
[debug] [2023-03-03T06:35:28.871Z] <<< [apiv2][body] POST https://cloudresourcemanager.googleapis.com/v1/projects/contractti-87288:testIamPermissions {"permissions":["firebase.projects.get","firebasehosting.sites.update"]}
[debug] [2023-03-03T06:35:28.873Z] >>> [apiv2][query] GET https://firebase.googleapis.com/v1beta1/projects/contractti-87288 [none]
[debug] [2023-03-03T06:35:29.416Z] <<< [apiv2][status] GET https://firebase.googleapis.com/v1beta1/projects/contractti-87288 200
[debug] [2023-03-03T06:35:29.416Z] <<< [apiv2][body] GET https://firebase.googleapis.com/v1beta1/projects/contractti-87288 {"projectId":"contractti-87288","projectNumber":"523993961641","displayName":"contractti","name":"projects/contractti-87288","resources":{"hostingSite":"contractti-87288"},"state":"ACTIVE","etag":"1_09a3fe9e-cb81-443c-ae10-6e084c4d72d5"}
[info] 
[info] === Deploying to 'contractti-87288'...
[info] 
[info] i  deploying hosting 
[debug] [2023-03-03T06:35:29.426Z] >>> [apiv2][query] POST https://firebasehosting.googleapis.com/v1beta1/projects/-/sites/contractti-87288/versions [none]
[debug] [2023-03-03T06:35:29.426Z] >>> [apiv2][body] POST https://firebasehosting.googleapis.com/v1beta1/projects/-/sites/contractti-87288/versions {"status":"CREATED","labels":{"deployment-tool":"cli-firebase"}}
[debug] [2023-03-03T06:35:30.763Z] <<< [apiv2][status] POST https://firebasehosting.googleapis.com/v1beta1/projects/-/sites/contractti-87288/versions 200
[debug] [2023-03-03T06:35:30.763Z] <<< [apiv2][body] POST https://firebasehosting.googleapis.com/v1beta1/projects/-/sites/contractti-87288/versions {"name":"projects/523993961641/sites/contractti-87288/versions/9b08551b8fce69aa","status":"CREATED","config":{},"labels":{"deployment-tool":"cli-firebase"}}
[info] i  hosting[contractti-87288]: beginning deploy... 
[info] i  hosting[contractti-87288]: found 15 files in build 
[debug] [2023-03-03T06:35:30.778Z] [hosting] uploading with 200 concurrency
[debug] [2023-03-03T06:35:31.042Z] [hosting] hash cache [YnVpbGQ] stored for 15 files
[debug] [2023-03-03T06:35:31.042Z] [hosting][hash queue][FINAL] {"max":253,"min":4,"avg":24.933333333333334,"active":0,"complete":15,"success":15,"errored":0,"retried":0,"total":15,"elapsed":261}
[debug] [2023-03-03T06:35:31.042Z] >>> [apiv2][query] POST https://firebasehosting.googleapis.com/v1beta1/projects/523993961641/sites/contractti-87288/versions/9b08551b8fce69aa:populateFiles [none]
[debug] [2023-03-03T06:35:31.043Z] >>> [apiv2][body] POST https://firebasehosting.googleapis.com/v1beta1/projects/523993961641/sites/contractti-87288/versions/9b08551b8fce69aa:populateFiles {"files":{"/favicon.ico":"eae62e993eb980ec8a25058c39d5a51feab118bd2100c4deebb2a9c158ec11f9","/logo192.png":"3ee59515172ee198f3be375979df15ac5345183e656720a381b8872b2a39dc8b","/logo512.png":"ee7e2f3fdb8209c4b6fd7bef6ba50d1b9dba30a25bb5c3126df057e1cb6f5331","/manifest.json":"aff3449bdc238776f5d6d967f19ec491b36aed5fb7f23ccff6500736fd58494a","/robots.txt":"bfe106a3fb878dc83461c86818bf74fc1bdc7f28538ba613cd3e775516ce8b49","/asset-manifest.json":"9eada04e73703d1de57a3f48479b2849dec452ae400b7779cd63bff3809fd094","/index.html":"67e0890eab57d9a221101c3ba7549d03a0696b6cb4995cc46f684159797f3fba","/static/js/787.4fb5b56f.chunk.js.map":"33843180adbf5fc56bb764c6ec670e78e21594cf99db61420fe860a2d626ba8c","/static/css/main.5d65699d.css":"66c2519d3d9e79d8ec4aae5d12873afdfad153003b2ac290ab8228b58d43ad96","/static/js/main.4f55604a.js.LICENSE.txt":"84f8a210e50cd58e5c66c90e6c8783085028357e9c930478df688c1eff1fda5a","/static/css/main.5d65699d.css.map":"289fc4801062b07dcdfcae848c1e698f74a2454be3f793e88ec111a7110c10a2","/static/media/logo.6ce24c58023cc2f8fd88fe9d219db6c6.svg":"ac1a3d8899432561573d6a5cf56459437c09b902599a1deb91c0f8d4bb40459d","/static/js/787.4fb5b56f.chunk.js":"941782442704246b1885be450020d77331adc92059ad98b6b6645b472f90f5bb","/static/js/main.4f55604a.js":"4bd7eeb2805b249b58ca3424db7a56a1c9ce95d1fc479250b7ab7349ea14eb58","/static/js/main.4f55604a.js.map":"e63b478e48d3023507b2567c29160dfa9aa2dc4875322c80861f8949cb16b4bd"}}
[debug] [2023-03-03T06:35:32.131Z] <<< [apiv2][status] POST https://firebasehosting.googleapis.com/v1beta1/projects/523993961641/sites/contractti-87288/versions/9b08551b8fce69aa:populateFiles 200
[debug] [2023-03-03T06:35:32.132Z] <<< [apiv2][body] POST https://firebasehosting.googleapis.com/v1beta1/projects/523993961641/sites/contractti-87288/versions/9b08551b8fce69aa:populateFiles {"uploadUrl":"https://upload-firebasehosting.googleapis.com/upload/sites/contractti-87288/versions/9b08551b8fce69aa/files"}
[debug] [2023-03-03T06:35:32.132Z] [hosting][populate queue][FINAL] {"max":1092,"min":1092,"avg":1092,"active":0,"complete":1,"success":1,"errored":0,"retried":0,"total":1,"elapsed":1092}
[debug] [2023-03-03T06:35:32.132Z] [hosting] uploads queued: 0
[debug] [2023-03-03T06:35:32.132Z] [hosting][upload queue][FINAL] {"max":0,"min":9999999999,"avg":0,"active":0,"complete":0,"success":0,"errored":0,"retried":0,"total":0,"elapsed":1677825332132}
[info] +  hosting[contractti-87288]: file upload complete 
[debug] [2023-03-03T06:35:32.133Z] [hosting] deploy completed after 1368ms
[debug] [2023-03-03T06:35:32.135Z] [
  {
    "config": {
      "public": "build",
      "ignore": [
        "firebase.json",
        "**/.*",
        "**/node_modules/**"
      ],
      "rewrites": [
        {
          "source": "**",
          "destination": "/index.html"
        }
      ],
      "site": "contractti-87288"
    },
    "version": "projects/523993961641/sites/contractti-87288/versions/9b08551b8fce69aa"
  }
]
[info] i  hosting[contractti-87288]: finalizing version... 
[debug] [2023-03-03T06:35:32.139Z] >>> [apiv2][query] PATCH https://firebasehosting.googleapis.com/v1beta1/projects/-/sites/contractti-87288/versions/9b08551b8fce69aa updateMask=status%2Cconfig
[debug] [2023-03-03T06:35:32.139Z] >>> [apiv2][body] PATCH https://firebasehosting.googleapis.com/v1beta1/projects/-/sites/contractti-87288/versions/9b08551b8fce69aa {"status":"FINALIZED","config":{"rewrites":[{"glob":"**","path":"/index.html"}]}}
[debug] [2023-03-03T06:35:33.183Z] <<< [apiv2][status] PATCH https://firebasehosting.googleapis.com/v1beta1/projects/-/sites/contractti-87288/versions/9b08551b8fce69aa 200
[debug] [2023-03-03T06:35:33.183Z] <<< [apiv2][body] PATCH https://firebasehosting.googleapis.com/v1beta1/projects/-/sites/contractti-87288/versions/9b08551b8fce69aa {"name":"projects/523993961641/sites/contractti-87288/versions/9b08551b8fce69aa","status":"FINALIZED","config":{"rewrites":[{"glob":"**","path":"/index.html"}]},"labels":{"deployment-tool":"cli-firebase"},"createTime":"2023-03-03T06:35:31.407221Z","createUser":{"email":"raswakaraziam@gmail.com"},"finalizeTime":"2023-03-03T06:35:34.144270Z","finalizeUser":{"email":"raswakaraziam@gmail.com"}}
[debug] [2023-03-03T06:35:33.184Z] [hosting] finalized version for contractti-87288:[object Object]
[info] +  hosting[contractti-87288]: version finalized 
[info] i  hosting[contractti-87288]: releasing new version... 
[debug] [2023-03-03T06:35:33.186Z] >>> [apiv2][query] POST https://firebasehosting.googleapis.com/v1beta1/projects/-/sites/contractti-87288/channels/live/releases versionName=projects%2F523993961641%2Fsites%2Fcontractti-87288%2Fversions%2F9b08551b8fce69aa
[debug] [2023-03-03T06:35:33.186Z] >>> [apiv2][body] POST https://firebasehosting.googleapis.com/v1beta1/projects/-/sites/contractti-87288/channels/live/releases {}
[debug] [2023-03-03T06:35:34.217Z] <<< [apiv2][status] POST https://firebasehosting.googleapis.com/v1beta1/projects/-/sites/contractti-87288/channels/live/releases 200
[debug] [2023-03-03T06:35:34.217Z] <<< [apiv2][body] POST https://firebasehosting.googleapis.com/v1beta1/projects/-/sites/contractti-87288/channels/live/releases {"name":"projects/523993961641/sites/contractti-87288/channels/live/releases/1677825334582000","version":{"name":"projects/523993961641/sites/contractti-87288/versions/9b08551b8fce69aa","status":"FINALIZED","config":{"rewrites":[{"glob":"**","path":"/index.html"}]},"labels":{"deployment-tool":"cli-firebase"},"createTime":"2023-03-03T06:35:31.407221Z","createUser":{"email":"raswakaraziam@gmail.com","imageUrl":"https://lh3.googleusercontent.com/a/AGNmyxYeyUJeBbm_AtNkv3Gtuz6PANYATCr2tC0v6kMNDQ"},"finalizeTime":"2023-03-03T06:35:34.144270Z","finalizeUser":{"email":"raswakaraziam@gmail.com","imageUrl":"https://lh3.googleusercontent.com/a/AGNmyxYeyUJeBbm_AtNkv3Gtuz6PANYATCr2tC0v6kMNDQ"}},"type":"DEPLOY","releaseTime":"2023-03-03T06:35:34.582Z","releaseUser":{"email":"raswakaraziam@gmail.com","imageUrl":"https://lh3.googleusercontent.com/a/AGNmyxYeyUJeBbm_AtNkv3Gtuz6PANYATCr2tC0v6kMNDQ"}}
[debug] [2023-03-03T06:35:34.217Z] [hosting] release: {"name":"projects/523993961641/sites/contractti-87288/channels/live/releases/1677825334582000","version":{"name":"projects/523993961641/sites/contractti-87288/versions/9b08551b8fce69aa","status":"FINALIZED","config":{"rewrites":[{"glob":"**","path":"/index.html"}]},"labels":{"deployment-tool":"cli-firebase"},"createTime":"2023-03-03T06:35:31.407221Z","createUser":{"email":"raswakaraziam@gmail.com","imageUrl":"https://lh3.googleusercontent.com/a/AGNmyxYeyUJeBbm_AtNkv3Gtuz6PANYATCr2tC0v6kMNDQ"},"finalizeTime":"2023-03-03T06:35:34.144270Z","finalizeUser":{"email":"raswakaraziam@gmail.com","imageUrl":"https://lh3.googleusercontent.com/a/AGNmyxYeyUJeBbm_AtNkv3Gtuz6PANYATCr2tC0v6kMNDQ"}},"type":"DEPLOY","releaseTime":"2023-03-03T06:35:34.582Z","releaseUser":{"email":"raswakaraziam@gmail.com","imageUrl":"https://lh3.googleusercontent.com/a/AGNmyxYeyUJeBbm_AtNkv3Gtuz6PANYATCr2tC0v6kMNDQ"}}
[info] +  hosting[contractti-87288]: release complete 
[info] 
[info] +  Deploy complete! 
[info] 
[info] Project Console: https://console.firebase.google.com/project/contractti-87288/overview
[info] Hosting URL: https://contractti-87288.web.app
[debug] [2023-03-03T06:36:05.284Z] Error: Timed out.
    at Timeout._onTimeout (C:\Users\User\AppData\Roaming\npm\node_modules\firebase-tools\lib\utils.js:253:49)
    at listOnTimeout (node:internal/timers:559:17)
    at processTimers (node:internal/timers:502:7)
[error] 
[error] Error: An unexpected error has occurred.
